For dataset bigTwitter.json :
Top 10 hashtags:
0. #auspol, 19878
1. #coronavirus, 10110
2. #มาพ่องเพิ่งอะไร, 7531
3. #firefightaustralia, 6812
4. #oldme, 6418
5. #sydney, 6196
6. #scottyfrommarketing, 5185
7. #grammys, 5085
8. #assange, 4689
9. #sportsrorts, 4516

Top 10 languages:
0. English(en), 3107115
1. Undetermined(und), 252117
2. Thai(th), 134571
3. Portuguese(pt), 125858
4. Spanish; Castilian(es), 74028
5. Japanese(ja), 49929
6. Tagalog(tl), 44560
7. Undetermined(in), 42296
8. French(fr), 38098
9. Arabic(ar), 24501

real	1m50.893s
user	6m46.037s
sys	0m35.259s
